"2023-10-03 01:34:23 [restartedMain] INFO  c.e.C.CollegeManagementApplication - Starting CollegeManagementApplication using Java 18.0.2 on LAPTOP-95BAGJKG with PID 15912 (C:\Users\ravib\OneDrive\Documents\CollegeManagement\CollegeManagement\target\classes started by byahut Ravi in C:\Users\ravib\OneDrive\Documents\CollegeManagement)
""2023-10-03 01:34:23 [restartedMain] DEBUG c.e.C.CollegeManagementApplication - Running with Spring Boot v2.7.12, Spring v5.3.27
""2023-10-03 01:34:23 [restartedMain] INFO  c.e.C.CollegeManagementApplication - No active profile set, falling back to 1 default profile: "default"
""2023-10-03 01:34:23 [restartedMain] INFO  o.s.b.d.e.DevToolsPropertyDefaultsPostProcessor - Devtools property defaults active! Set 'spring.devtools.add-properties' to 'false' to disable
""2023-10-03 01:34:23 [restartedMain] INFO  o.s.b.d.e.DevToolsPropertyDefaultsPostProcessor - For additional web related logging consider setting the 'logging.level.web' property to 'DEBUG'
""2023-10-03 01:34:28 [restartedMain] INFO  o.s.d.r.c.RepositoryConfigurationDelegate - Bootstrapping Spring Data MongoDB repositories in DEFAULT mode.
""2023-10-03 01:34:28 [restartedMain] INFO  o.s.d.r.c.RepositoryConfigurationDelegate - Finished Spring Data repository scanning in 380 ms. Found 2 MongoDB repository interfaces.
""2023-10-03 01:34:32 [restartedMain] INFO  o.s.b.w.e.tomcat.TomcatWebServer - Tomcat initialized with port(s): 8080 (http)
""2023-10-03 01:34:32 [restartedMain] INFO  o.a.catalina.core.StandardService - Starting service [Tomcat]
""2023-10-03 01:34:32 [restartedMain] INFO  o.a.catalina.core.StandardEngine - Starting Servlet engine: [Apache Tomcat/9.0.75]
""2023-10-03 01:34:33 [restartedMain] INFO  o.a.c.c.C.[Tomcat].[localhost].[/] - Initializing Spring embedded WebApplicationContext
""2023-10-03 01:34:33 [restartedMain] INFO  o.s.b.w.s.c.ServletWebServerApplicationContext - Root WebApplicationContext: initialization completed in 9240 ms
""2023-10-03 01:34:35 [restartedMain] INFO  org.mongodb.driver.client - MongoClient with metadata {"driver": {"name": "mongo-java-driver|sync|spring-boot", "version": "4.6.1"}, "os": {"type": "Windows", "name": "Windows 10", "architecture": "amd64", "version": "10.0"}, "platform": "Java/Oracle Corporation/18.0.2+9-61"} created with settings MongoClientSettings{readPreference=primary, writeConcern=WriteConcern{w=null, wTimeout=null ms, journal=null}, retryWrites=true, retryReads=true, readConcern=ReadConcern{level=null}, credential=null, streamFactoryFactory=null, commandListeners=[], codecRegistry=ProvidersCodecRegistry{codecProviders=[ValueCodecProvider{}, BsonValueCodecProvider{}, DBRefCodecProvider{}, DBObjectCodecProvider{}, DocumentCodecProvider{}, IterableCodecProvider{}, MapCodecProvider{}, GeoJsonCodecProvider{}, GridFSFileCodecProvider{}, Jsr310CodecProvider{}, JsonObjectCodecProvider{}, BsonCodecProvider{}, EnumCodecProvider{}, com.mongodb.Jep395RecordCodecProvider@7d058a61]}, clusterSettings={hosts=[localhost:27017], srvServiceName=mongodb, mode=SINGLE, requiredClusterType=UNKNOWN, requiredReplicaSetName='null', serverSelector='null', clusterListeners='[]', serverSelectionTimeout='30000 ms', localThreshold='30000 ms'}, socketSettings=SocketSettings{connectTimeoutMS=10000, readTimeoutMS=0, receiveBufferSize=0, sendBufferSize=0}, heartbeatSocketSettings=SocketSettings{connectTimeoutMS=10000, readTimeoutMS=10000, receiveBufferSize=0, sendBufferSize=0}, connectionPoolSettings=ConnectionPoolSettings{maxSize=100, minSize=0, maxWaitTimeMS=120000, maxConnectionLifeTimeMS=0, maxConnectionIdleTimeMS=0, maintenanceInitialDelayMS=0, maintenanceFrequencyMS=60000, connectionPoolListeners=[], maxConnecting=2}, serverSettings=ServerSettings{heartbeatFrequencyMS=10000, minHeartbeatFrequencyMS=500, serverListeners='[]', serverMonitorListeners='[]'}, sslSettings=SslSettings{enabled=false, invalidHostNameAllowed=false, context=null}, applicationName='null', compressorList=[], uuidRepresentation=JAVA_LEGACY, serverApi=null, autoEncryptionSettings=null, contextProvider=null}
""2023-10-03 01:34:36 [cluster-rtt-ClusterId{value='651b22538f53386062de8da6', description='null'}-localhost:27017] INFO  org.mongodb.driver.connection - Opened connection [connectionId{localValue:2, serverValue:50}] to localhost:27017
""2023-10-03 01:34:36 [cluster-ClusterId{value='651b22538f53386062de8da6', description='null'}-localhost:27017] INFO  org.mongodb.driver.connection - Opened connection [connectionId{localValue:1, serverValue:49}] to localhost:27017
""2023-10-03 01:34:36 [cluster-ClusterId{value='651b22538f53386062de8da6', description='null'}-localhost:27017] INFO  org.mongodb.driver.cluster - Monitor thread successfully connected to server with description ServerDescription{address=localhost:27017, type=STANDALONE, state=CONNECTED, ok=true, minWireVersion=0, maxWireVersion=21, maxDocumentSize=16777216, logicalSessionTimeoutMinutes=30, roundTripTimeNanos=706491000}
""2023-10-03 01:34:36 [restartedMain] INFO  o.s.b.d.a.OptionalLiveReloadServer - LiveReload server is running on port 35729
""2023-10-03 01:34:39 [restartedMain] INFO  o.s.s.web.DefaultSecurityFilterChain - Will secure any request with [org.springframework.security.web.session.DisableEncodeUrlFilter@36eda644, org.springframework.security.web.context.request.async.WebAsyncManagerIntegrationFilter@5e33a1aa, org.springframework.security.web.context.SecurityContextPersistenceFilter@6bae157f, org.springframework.security.web.header.HeaderWriterFilter@7ddb45eb, org.springframework.security.web.authentication.logout.LogoutFilter@286d8d49, org.springframework.security.oauth2.server.resource.web.BearerTokenAuthenticationFilter@1ef45f61, org.springframework.security.web.authentication.www.BasicAuthenticationFilter@2c1fd15f, org.springframework.security.web.savedrequest.RequestCacheAwareFilter@54f957ca, org.springframework.security.web.servletapi.SecurityContextHolderAwareRequestFilter@ab21093, org.springframework.security.web.authentication.AnonymousAuthenticationFilter@cf4061a, org.springframework.security.web.session.SessionManagementFilter@5c395abf, org.springframework.security.web.access.ExceptionTranslationFilter@fa548d6, org.springframework.security.web.access.intercept.FilterSecurityInterceptor@446d6bbc]
""2023-10-03 01:34:39 [restartedMain] INFO  s.d.s.w.PropertySourcedRequestMappingHandlerMapping - Mapped URL path [/v2/api-docs] onto method [springfox.documentation.swagger2.web.Swagger2Controller#getDocumentation(String, HttpServletRequest)]
""2023-10-03 01:34:40 [restartedMain] INFO  o.s.b.w.e.tomcat.TomcatWebServer - Tomcat started on port(s): 8080 (http) with context path ''
""2023-10-03 01:34:40 [restartedMain] INFO  s.d.s.w.p.DocumentationPluginsBootstrapper - Context refreshed
""2023-10-03 01:34:40 [restartedMain] INFO  s.d.s.w.p.DocumentationPluginsBootstrapper - Found 1 custom documentation plugin(s)
""2023-10-03 01:34:40 [restartedMain] INFO  s.d.s.w.s.ApiListingReferenceScanner - Scanning for api listing references
""2023-10-03 01:34:40 [restartedMain] INFO  s.d.s.w.r.o.CachingOperationNameGenerator - Generating unique operation named: getStudentUsingGET_1
""2023-10-03 01:34:40 [restartedMain] INFO  s.d.s.w.r.o.CachingOperationNameGenerator - Generating unique operation named: deleteStudentUsingDELETE_1
""2023-10-03 01:34:40 [restartedMain] INFO  s.d.s.w.r.o.CachingOperationNameGenerator - Generating unique operation named: getStudentUsingGET_2
""2023-10-03 01:34:40 [restartedMain] INFO  s.d.s.w.r.o.CachingOperationNameGenerator - Generating unique operation named: getStudentsUsingGET_1
""2023-10-03 01:34:40 [restartedMain] INFO  s.d.s.w.r.o.CachingOperationNameGenerator - Generating unique operation named: saveStudentUsingPOST_1
""2023-10-03 01:34:40 [restartedMain] INFO  c.e.C.CollegeManagementApplication - Started CollegeManagementApplication in 19.89 seconds (JVM running for 27.704)
""2023-10-03 01:35:49 [http-nio-8080-exec-2] INFO  o.a.c.c.C.[Tomcat].[localhost].[/] - Initializing Spring DispatcherServlet 'dispatcherServlet'
""2023-10-03 01:35:50 [http-nio-8080-exec-2] DEBUG c.e.CollegeManagement.AuthController - Login using user credentials for the JSON Web Token
""2023-10-03 01:35:50 [http-nio-8080-exec-2] DEBUG c.e.CollegeManagement.AuthController - Token requested for user 
""2023-10-03 01:35:50 [http-nio-8080-exec-2] DEBUG c.e.CollegeManagement.AuthController - Token granted 
""2023-10-03 01:38:14 [http-nio-8080-exec-5] DEBUG c.e.CollegeManagement.AuthController - Login using user credentials for the JSON Web Token
""2023-10-03 01:38:14 [http-nio-8080-exec-5] DEBUG c.e.CollegeManagement.AuthController - Token requested for user 
""2023-10-03 01:38:14 [http-nio-8080-exec-5] DEBUG c.e.CollegeManagement.AuthController - Token granted 
""2023-10-03 01:40:09 [http-nio-8080-exec-8] DEBUG c.e.C.controller.adminController - Admin Added a Student or Updated a Student with an Id: 8
""2023-10-03 01:40:10 [http-nio-8080-exec-8] INFO  org.mongodb.driver.connection - Opened connection [connectionId{localValue:3, serverValue:51}] to localhost:27017
""2023-10-03 01:41:27 [http-nio-8080-exec-1] DEBUG c.e.C.controller.adminController - Admin got the all Teachers Info
""2023-10-03 01:43:05 [http-nio-8080-exec-4] DEBUG c.e.C.controller.adminController - Admin found a Teacher with an Id: 4
""2023-10-03 01:44:14 [http-nio-8080-exec-6] DEBUG c.e.C.controller.adminController - Admin deleted a Teacher by an Id: 8
""2023-10-03 01:46:58 [http-nio-8080-exec-8] DEBUG c.e.C.controller.adminController - Admin Added a Student or Updated a Student with an Id: 10
""2023-10-03 01:47:27 [http-nio-8080-exec-1] DEBUG c.e.C.controller.adminController - Admin got the all Students Info
""2023-10-03 01:48:30 [http-nio-8080-exec-3] DEBUG c.e.C.controller.adminController - Admin found a Student with an Id: 3
""2023-10-03 01:49:24 [http-nio-8080-exec-4] DEBUG c.e.C.controller.adminController - Admin deleted a Student by an Id: 10
""2023-10-03 01:53:00 [http-nio-8080-exec-7] DEBUG c.e.C.controller.teachersController - Teacher Added a Student or updated a Student by Id: 11
""2023-10-03 01:53:35 [http-nio-8080-exec-9] DEBUG c.e.C.controller.teachersController - Teacher got the All the Info of the Students
""2023-10-03 01:54:11 [http-nio-8080-exec-8] DEBUG c.e.C.controller.teachersController - Teacher got the details of a Student by Id: 11
""2023-10-03 01:54:42 [http-nio-8080-exec-10] DEBUG c.e.C.controller.teachersController - Teacher deleted a Student by Id: 11
""2023-10-03 01:55:33 [http-nio-8080-exec-1] DEBUG c.e.C.controller.studentsController - A Student got his details by His/Her Id: 3
"